Training with parameters: {'bidirectional': True, 'dropout': 0.5, 'epochs': 10, 'hidden_dim': 128, 'learning_rate': 0.0001, 'n_layers': 5}
可训练参数量: 15872333
Epoch 1, Loss: 0.6543381853847746
Epoch 1, Eval Loss: 0.5105079710483551, Eval Accuracy: 0.7828
Epoch 2, Loss: 0.39600585030901964
Epoch 2, Eval Loss: 0.37004448026418685, Eval Accuracy: 0.8484
Epoch 3, Loss: 0.3013515168694174
Epoch 3, Eval Loss: 0.3423606686294079, Eval Accuracy: 0.866
Epoch 4, Loss: 0.24155612285159955
Epoch 4, Eval Loss: 0.33007037080824375, Eval Accuracy: 0.865
Epoch 5, Loss: 0.20431029122726174
Epoch 5, Eval Loss: 0.32362935971468687, Eval Accuracy: 0.8804
Epoch 6, Loss: 0.16569755145698595
Epoch 6, Eval Loss: 0.3269941624253988, Eval Accuracy: 0.8794
Epoch 7, Loss: 0.12541869458309404
Epoch 7, Eval Loss: 0.3641085494309664, Eval Accuracy: 0.8808
Epoch 8, Loss: 0.09896387227449067
Epoch 8, Eval Loss: 0.43638455420732497, Eval Accuracy: 0.8726
Epoch 9, Loss: 0.07638199776292416
Epoch 9, Eval Loss: 0.46243209261447193, Eval Accuracy: 0.8734
Epoch 10, Loss: 0.0719830721593017
Epoch 10, Eval Loss: 0.4748511578887701, Eval Accuracy: 0.8714
Best Eval Loss: 0.32362935971468687
Best Epoch: 4
Training with parameters: {'bidirectional': True, 'dropout': 0.5, 'epochs': 10, 'hidden_dim': 128, 'learning_rate': 0.0001, 'n_layers': 10}
可训练参数量: 17848653
Epoch 1, Loss: 0.6935051577106403
Epoch 1, Eval Loss: 0.6930423140525818, Eval Accuracy: 0.5034
Epoch 2, Loss: 0.6120790723402789
Epoch 2, Eval Loss: 0.5204669333994388, Eval Accuracy: 0.7778
Epoch 3, Loss: 0.444845236790408
Epoch 3, Eval Loss: 0.4145759865641594, Eval Accuracy: 0.832
Epoch 4, Loss: 0.3349519578894232
Epoch 4, Eval Loss: 0.3637310668826103, Eval Accuracy: 0.8546
Epoch 5, Loss: 0.27360605386791714
Epoch 5, Eval Loss: 0.3321358662098646, Eval Accuracy: 0.8656
Epoch 6, Loss: 0.23839037784725237
Epoch 6, Eval Loss: 0.375534537807107, Eval Accuracy: 0.862
Epoch 7, Loss: 0.19589612277070428
Epoch 7, Eval Loss: 0.3519006952643394, Eval Accuracy: 0.8684
Epoch 8, Loss: 0.16395253393870252
Epoch 8, Eval Loss: 0.3562825579196215, Eval Accuracy: 0.8792
Epoch 9, Loss: 0.12913950596740292
Epoch 9, Eval Loss: 0.3836302399635315, Eval Accuracy: 0.8802
Epoch 10, Loss: 0.11177456171317085
Epoch 10, Eval Loss: 0.3902624171227217, Eval Accuracy: 0.8772
Best Eval Loss: 0.3321358662098646
Best Epoch: 4
Training with parameters: {'bidirectional': True, 'dropout': 0.5, 'epochs': 10, 'hidden_dim': 128, 'learning_rate': 0.0005, 'n_layers': 5}
可训练参数量: 15872333
Epoch 1, Loss: 0.516777614689177
Epoch 1, Eval Loss: 0.4298139072954655, Eval Accuracy: 0.8166
Epoch 2, Loss: 0.2744767752232825
Epoch 2, Eval Loss: 0.32397515438497065, Eval Accuracy: 0.8796
Epoch 3, Loss: 0.17457856859560986
Epoch 3, Eval Loss: 0.3646854303777218, Eval Accuracy: 0.8822
Epoch 4, Loss: 0.09957135970567822
Epoch 4, Eval Loss: 0.44141305088996885, Eval Accuracy: 0.871
Epoch 5, Loss: 0.06337253613527982
Epoch 5, Eval Loss: 0.4400369718670845, Eval Accuracy: 0.8634
Epoch 6, Loss: 0.05451621905052263
Epoch 6, Eval Loss: 0.5538546212017537, Eval Accuracy: 0.847
Epoch 7, Loss: 0.04281727458605436
Epoch 7, Eval Loss: 0.5979347348213195, Eval Accuracy: 0.859
Epoch 8, Loss: 0.02897674210850078
Epoch 8, Eval Loss: 0.5431724317371845, Eval Accuracy: 0.8622
Epoch 9, Loss: 0.036938711566328525
Epoch 9, Eval Loss: 0.6327195333316922, Eval Accuracy: 0.8696
Epoch 10, Loss: 0.022989385501795988
Epoch 10, Eval Loss: 0.7191380634903908, Eval Accuracy: 0.868
Best Eval Loss: 0.32397515438497065
Best Epoch: 1
Training with parameters: {'bidirectional': True, 'dropout': 0.5, 'epochs': 10, 'hidden_dim': 128, 'learning_rate': 0.0005, 'n_layers': 10}
可训练参数量: 17848653
Epoch 1, Loss: 0.6173348823550401
Epoch 1, Eval Loss: 0.5729883626103401, Eval Accuracy: 0.7156
Epoch 2, Loss: 0.5272901449233863
Epoch 2, Eval Loss: 0.513227816671133, Eval Accuracy: 0.8078
Epoch 3, Loss: 0.42040766993905326
Epoch 3, Eval Loss: 0.4457001626491547, Eval Accuracy: 0.8062
Epoch 4, Loss: 0.5581831982371154
Epoch 4, Eval Loss: 0.6842228636145592, Eval Accuracy: 0.5426
Epoch 5, Loss: 0.655176572738939
Epoch 5, Eval Loss: 0.693130512535572, Eval Accuracy: 0.5034
Epoch 6, Loss: 0.6934277377310832
Epoch 6, Eval Loss: 0.6931248441338539, Eval Accuracy: 0.5034
Epoch 7, Loss: 0.6935063847310984
Epoch 7, Eval Loss: 0.6931991785764694, Eval Accuracy: 0.4966
Epoch 8, Loss: 0.6936400885794572
Epoch 8, Eval Loss: 0.6931499511003494, Eval Accuracy: 0.4966
Epoch 9, Loss: 0.6933648977310035
Epoch 9, Eval Loss: 0.6931370168924331, Eval Accuracy: 0.5034
Epoch 10, Loss: 0.6932677539290896
Epoch 10, Eval Loss: 0.6931881472468376, Eval Accuracy: 0.5034
Best Eval Loss: 0.4457001626491547
Best Epoch: 2
Training with parameters: {'bidirectional': True, 'dropout': 0.5, 'epochs': 10, 'hidden_dim': 256, 'learning_rate': 0.0001, 'n_layers': 5}
可训练参数量: 21301837
Epoch 1, Loss: 0.584448707141694
Epoch 1, Eval Loss: 0.4380864515900612, Eval Accuracy: 0.7968
Epoch 2, Loss: 0.34645976667191575
Epoch 2, Eval Loss: 0.33158963918685913, Eval Accuracy: 0.8656
Epoch 3, Loss: 0.281359538435936
Epoch 3, Eval Loss: 0.33807437494397163, Eval Accuracy: 0.8592
Epoch 4, Loss: 0.2455894466798017
Epoch 4, Eval Loss: 0.33009732887148857, Eval Accuracy: 0.8698
Epoch 5, Loss: 0.2041890730808495
Epoch 5, Eval Loss: 0.32050753589719533, Eval Accuracy: 0.884
Epoch 6, Loss: 0.1721864442821521
Epoch 6, Eval Loss: 0.3190760737285018, Eval Accuracy: 0.8836
Epoch 7, Loss: 0.14853850866009474
Epoch 7, Eval Loss: 0.3309278143569827, Eval Accuracy: 0.8838
Epoch 8, Loss: 0.11208470395890771
Epoch 8, Eval Loss: 0.3567362832836807, Eval Accuracy: 0.8714
Epoch 9, Loss: 0.10503170768593907
Epoch 9, Eval Loss: 0.4237998090684414, Eval Accuracy: 0.8728
Epoch 10, Loss: 0.07282451260241733
Epoch 10, Eval Loss: 0.410034916177392, Eval Accuracy: 0.8746
Best Eval Loss: 0.3190760737285018
Best Epoch: 5
Training with parameters: {'bidirectional': True, 'dropout': 0.5, 'epochs': 10, 'hidden_dim': 256, 'learning_rate': 0.0001, 'n_layers': 10}
可训练参数量: 29186637
Epoch 1, Loss: 0.6761419989500835
Epoch 1, Eval Loss: 0.5502178482711315, Eval Accuracy: 0.7644
Epoch 2, Loss: 0.544313035383346
Epoch 2, Eval Loss: 0.4747988596558571, Eval Accuracy: 0.803
Epoch 3, Loss: 0.3853937131204423
Epoch 3, Eval Loss: 0.40507654324173925, Eval Accuracy: 0.8258
Epoch 4, Loss: 0.3104066137865091
Epoch 4, Eval Loss: 0.3306742817163467, Eval Accuracy: 0.8612
Epoch 5, Loss: 0.2579561564003586
Epoch 5, Eval Loss: 0.3247880717739463, Eval Accuracy: 0.8686
Epoch 6, Loss: 0.21557193263700813
Epoch 6, Eval Loss: 0.3156939808279276, Eval Accuracy: 0.8764
Epoch 7, Loss: 0.17655496697896605
Epoch 7, Eval Loss: 0.32336887940764425, Eval Accuracy: 0.8758
Epoch 8, Loss: 0.14253927439830866
Epoch 8, Eval Loss: 0.34466209784150126, Eval Accuracy: 0.87
Epoch 9, Loss: 0.10916737615350325
Epoch 9, Eval Loss: 0.3867342321202159, Eval Accuracy: 0.8758
Epoch 10, Loss: 0.09216266914395391
Epoch 10, Eval Loss: 0.4213651899248362, Eval Accuracy: 0.8746
Best Eval Loss: 0.3156939808279276
Best Epoch: 5
Training with parameters: {'bidirectional': True, 'dropout': 0.5, 'epochs': 10, 'hidden_dim': 256, 'learning_rate': 0.0005, 'n_layers': 5}
可训练参数量: 21301837
Epoch 1, Loss: 0.5940489898062056
Epoch 1, Eval Loss: 0.510890218615532, Eval Accuracy: 0.7054
Epoch 2, Loss: 0.4159826138976273
Epoch 2, Eval Loss: 0.45835773199796676, Eval Accuracy: 0.7788
Epoch 3, Loss: 0.3688890523971266
Epoch 3, Eval Loss: 0.3395287495106459, Eval Accuracy: 0.867
Epoch 4, Loss: 0.24501112962414504
Epoch 4, Eval Loss: 0.32873045839369297, Eval Accuracy: 0.875
Epoch 5, Loss: 0.21920336526670273
Epoch 5, Eval Loss: 0.43097238168120383, Eval Accuracy: 0.856
Epoch 6, Loss: 0.13285080324502507
Epoch 6, Eval Loss: 0.39520552158355715, Eval Accuracy: 0.871
Epoch 7, Loss: 0.08599013594352896
Epoch 7, Eval Loss: 0.42486876249313354, Eval Accuracy: 0.865
Epoch 8, Loss: 0.05649450975381265
Epoch 8, Eval Loss: 0.5056468173861504, Eval Accuracy: 0.8612
Epoch 9, Loss: 0.05792791953690018
Epoch 9, Eval Loss: 0.5817014519125223, Eval Accuracy: 0.8578
Epoch 10, Loss: 0.0483824177556167
Epoch 10, Eval Loss: 0.5383631333708763, Eval Accuracy: 0.8566
Best Eval Loss: 0.32873045839369297
Best Epoch: 3
Training with parameters: {'bidirectional': True, 'dropout': 0.5, 'epochs': 10, 'hidden_dim': 256, 'learning_rate': 0.0005, 'n_layers': 10}
可训练参数量: 29186637
Epoch 1, Loss: 0.6892003363864437
Epoch 1, Eval Loss: 0.6942478373646737, Eval Accuracy: 0.5034
Epoch 2, Loss: 0.693571876188752
Epoch 2, Eval Loss: 0.6937831774353981, Eval Accuracy: 0.5034
Epoch 3, Loss: 0.6937261686962881
Epoch 3, Eval Loss: 0.6931393027305603, Eval Accuracy: 0.5034
Epoch 4, Loss: 0.6934025363557658
Epoch 4, Eval Loss: 0.693125507235527, Eval Accuracy: 0.5034
Epoch 5, Loss: 0.6933792442273182
Epoch 5, Eval Loss: 0.6939123585820198, Eval Accuracy: 0.4966
Epoch 6, Loss: 0.6933636642565393
Epoch 6, Eval Loss: 0.6931605130434036, Eval Accuracy: 0.4966
Epoch 7, Loss: 0.693347556575848
Epoch 7, Eval Loss: 0.6932917460799217, Eval Accuracy: 0.4966
Epoch 8, Loss: 0.6934388644376378
Epoch 8, Eval Loss: 0.6931294545531272, Eval Accuracy: 0.5034
Epoch 9, Loss: 0.693289762849261
Epoch 9, Eval Loss: 0.6931460991501808, Eval Accuracy: 0.5034
Epoch 10, Loss: 0.6934819453081508
Epoch 10, Eval Loss: 0.69315105676651, Eval Accuracy: 0.4966
Best Eval Loss: 0.693125507235527
Best Epoch: 3
Best parameters: {'bidirectional': True, 'dropout': 0.5, 'epochs': 10, 'hidden_dim': 256, 'learning_rate': 0.0001, 'n_layers': 10}
Best Eval Loss: 12.627759233117104
可训练参数量: 29186637
Epoch 1, Loss: 0.6758157548251426
Epoch 1, Eval Loss: 0.5545579642057419, Eval Accuracy: 0.751
Epoch 2, Loss: 0.42866223936627623
Epoch 2, Eval Loss: 0.3741031602025032, Eval Accuracy: 0.8348
Epoch 3, Loss: 0.31032161822744236
Epoch 3, Eval Loss: 0.3199719559401274, Eval Accuracy: 0.8708
Epoch 4, Loss: 0.25530607998371124
Epoch 4, Eval Loss: 0.3201712530106306, Eval Accuracy: 0.876
Epoch 5, Loss: 0.2465459687314975
Epoch 5, Eval Loss: 0.3184242658317089, Eval Accuracy: 0.8778
Epoch 6, Loss: 0.18074734898129846
Epoch 6, Eval Loss: 0.30140800923109057, Eval Accuracy: 0.8834
Epoch 7, Loss: 0.14955381510458934
Epoch 7, Eval Loss: 0.36321358010172844, Eval Accuracy: 0.8636
